<?xml version="1.0" encoding="UTF-8"?>
<!-- Generated by org.testng.reporters.JUnitReportReporter -->
<testsuite hostname="MSI" failures="0" tests="5" name="runner.TestRunner" time="180.598" errors="0" timestamp="2024-06-19T21:07:44 IST" skipped="0">
  <testcase classname="runner.TestRunner" name="runScenario" time="8.242"/>
  <system-out/>
  <testcase classname="runner.TestRunner" name="runScenario" time="100.537"/>
  <system-out/>
  <testcase classname="runner.TestRunner" name="runScenario" time="44.693"/>
  <system-out/>
  <testcase classname="runner.TestRunner" name="runScenario" time="14.641"/>
  <system-out/>
  <testcase classname="runner.TestRunner" name="runScenario" time="12.485"/>
  <system-out/>
</testsuite> <!-- runner.TestRunner -->
